Using pre-set license
Built from '2020.3/staging' branch; Version is '2020.3.11f1 (99c7afb366b3) revision 10078127'; Using compiler version '192528614'; Build Type 'Release'
OS: 'Windows 10 Pro; OS build 19042.804; Version 2009; 64bit' Language: 'en' Physical Memory: 32692 MB
BatchMode: 1, IsHumanControllingUs: 0, StartBugReporterOnCrash: 0, Is64bit: 1, IsPro: 0

 COMMAND LINE ARGUMENTS:
C:\Program Files\Unity\Hub\Editor\2020.3.11f1\Editor\Unity.exe
-adb2
-batchMode
-noUpm
-name
AssetImportWorker0
-projectPath
E:/ITTYNK Game Jam/ITTHYNK/SSS_Taxi Game_ITTHYNK
-logFile
Logs/AssetImportWorker0.log
-srvPort
57597
Successfully changed project path to: E:/ITTYNK Game Jam/ITTHYNK/SSS_Taxi Game_ITTHYNK
E:/ITTYNK Game Jam/ITTHYNK/SSS_Taxi Game_ITTHYNK
Using Asset Import Pipeline V2.
Refreshing native plugins compatible for Editor in 62.96 ms, found 2 plugins.
Preloading 0 native plugins for Editor in 0.00 ms.
Initialize engine version: 2020.3.11f1 (99c7afb366b3)
[Subsystems] Discovering subsystems at path C:/Program Files/Unity/Hub/Editor/2020.3.11f1/Editor/Data/Resources/UnitySubsystems
[Subsystems] Discovering subsystems at path E:/ITTYNK Game Jam/ITTHYNK/SSS_Taxi Game_ITTHYNK/Assets
GfxDevice: creating device client; threaded=0
Direct3D:
    Version:  Direct3D 11.0 [level 11.1]
    Renderer: NVIDIA GeForce RTX 2080 (ID=0x1e87)
    Vendor:   
    VRAM:     8010 MB
    Driver:   27.21.14.6589
Shader 'Universal Render Pipeline/Particles/Lit': fallback shader 'Universal Render Pipeline/Particles/SimpleLit' not found
Initialize mono
Mono path[0] = 'C:/Program Files/Unity/Hub/Editor/2020.3.11f1/Editor/Data/Managed'
Mono path[1] = 'C:/Program Files/Unity/Hub/Editor/2020.3.11f1/Editor/Data/MonoBleedingEdge/lib/mono/unityjit'
Mono config path = 'C:/Program Files/Unity/Hub/Editor/2020.3.11f1/Editor/Data/MonoBleedingEdge/etc'
Using monoOptions --debugger-agent=transport=dt_socket,embedding=1,server=y,suspend=n,address=127.0.0.1:56856
Begin MonoManager ReloadAssembly
Registering precompiled unity dll's ...
Register platform support module: C:/Program Files/Unity/Hub/Editor/2020.3.11f1/Editor/Data/PlaybackEngines/WebGLSupport/UnityEditor.WebGL.Extensions.dll
Register platform support module: C:/Program Files/Unity/Hub/Editor/2020.3.11f1/Editor/Data/PlaybackEngines/WindowsStandaloneSupport/UnityEditor.WindowsStandalone.Extensions.dll
Registered in 0.001718 seconds.
Native extension for WindowsStandalone target not found
Native extension for WebGL target not found
Refreshing native plugins compatible for Editor in 79.66 ms, found 2 plugins.
Preloading 0 native plugins for Editor in 0.00 ms.
Mono: successfully reloaded assembly
- Completed reload, in  1.534 seconds
Platform modules already initialized, skipping
Registering precompiled user dll's ...
Registered in 0.002831 seconds.
Begin MonoManager ReloadAssembly
Native extension for WindowsStandalone target not found
Native extension for WebGL target not found
Refreshing native plugins compatible for Editor in 49.10 ms, found 2 plugins.
Preloading 0 native plugins for Editor in 0.00 ms.
Mono: successfully reloaded assembly
- Completed reload, in  1.021 seconds
Platform modules already initialized, skipping
========================================================================
Worker process is ready to serve import requests
Shader 'Universal Render Pipeline/Particles/Lit': fallback shader 'Universal Render Pipeline/Particles/SimpleLit' not found
Launched and connected shader compiler UnityShaderCompiler.exe after 0.05 seconds
Refreshing native plugins compatible for Editor in 0.54 ms, found 2 plugins.
Preloading 0 native plugins for Editor in 0.00 ms.
Unloading 2987 Unused Serialized files (Serialized files now loaded: 0)
System memory in use before: 133.1 MB.
System memory in use after: 133.3 MB.

Unloading 21 unused Assets to reduce memory usage. Loaded Objects now: 3428.
Total: 2.297200 ms (FindLiveObjects: 0.276000 ms CreateObjectMapping: 0.091300 ms MarkObjects: 1.866600 ms  DeleteObjects: 0.062600 ms)

========================================================================
Received Import Request.
  path: Assets/Vedanth (V Master)/URP
  artifactKey: Guid(27de1e639d34ace4c98de38e6b81c86e) Importer(815301076,1909f56bfc062723c751e8b465ee728b)
Start importing Assets/Vedanth (V Master)/URP using Guid(27de1e639d34ace4c98de38e6b81c86e) Importer(815301076,1909f56bfc062723c751e8b465ee728b)  -> (artifact id: 'bcf95ce2a396c9d7a7cfb4ac3055f5db') in 0.010928 seconds
  Import took 0.014606 seconds .

========================================================================
Received Import Request.
  Time since last request: 22.553516 seconds.
  path: Assets/Vedanth (V Master)/URP/URP.asset
  artifactKey: Guid(889ba13c30b04614a99baf84b92e1399) Importer(815301076,1909f56bfc062723c751e8b465ee728b)
Start importing Assets/Vedanth (V Master)/URP/URP.asset using Guid(889ba13c30b04614a99baf84b92e1399) Importer(815301076,1909f56bfc062723c751e8b465ee728b)  -> (artifact id: 'b81973f0d8b3d7dda92a34ba14e5c4dc') in 0.064173 seconds
  Import took 0.068556 seconds .

========================================================================
Received Import Request.
  Time since last request: 0.000227 seconds.
  path: Assets/Vedanth (V Master)/URP/URP_Renderer.asset
  artifactKey: Guid(124ba49d72e04da4bbe2ea028670ffd4) Importer(815301076,1909f56bfc062723c751e8b465ee728b)
Start importing Assets/Vedanth (V Master)/URP/URP_Renderer.asset using Guid(124ba49d72e04da4bbe2ea028670ffd4) Importer(815301076,1909f56bfc062723c751e8b465ee728b)  -> (artifact id: '0b951d6e5052263d5448ff284b081ad6') in 0.030384 seconds
  Import took 0.034431 seconds .

========================================================================
Received Import Request.
  Time since last request: 11.821143 seconds.
  path: Assets/Vedanth (V Master)/URP/URP.asset
  artifactKey: Guid(889ba13c30b04614a99baf84b92e1399) Importer(815301076,1909f56bfc062723c751e8b465ee728b)
Start importing Assets/Vedanth (V Master)/URP/URP.asset using Guid(889ba13c30b04614a99baf84b92e1399) Importer(815301076,1909f56bfc062723c751e8b465ee728b)  -> (artifact id: 'a49008d567f04b095e7905948b92fbf3') in 0.011212 seconds
  Import took 0.015649 seconds .

========================================================================
Received Import Request.
  Time since last request: 0.000201 seconds.
  path: Assets/Vedanth (V Master)/URP/URP_Renderer.asset
  artifactKey: Guid(124ba49d72e04da4bbe2ea028670ffd4) Importer(815301076,1909f56bfc062723c751e8b465ee728b)
Start importing Assets/Vedanth (V Master)/URP/URP_Renderer.asset using Guid(124ba49d72e04da4bbe2ea028670ffd4) Importer(815301076,1909f56bfc062723c751e8b465ee728b)  -> (artifact id: 'aa6f1080e3d1941df2e67db1ff25713a') in 0.011972 seconds
  Import took 0.016159 seconds .

========================================================================
Received Prepare
Switching render pipeline 00000000000000000000000000000000 -> 889ba13c30b04614a99baf84b92e1399
Shader 'Universal Render Pipeline/Particles/Lit': fallback shader 'Universal Render Pipeline/Particles/SimpleLit' not found
Refreshing native plugins compatible for Editor in 2.66 ms, found 2 plugins.
Preloading 0 native plugins for Editor in 0.00 ms.
Unloading 60 Unused Serialized files (Serialized files now loaded: 0)
System memory in use before: 74.3 MB.
System memory in use after: 74.5 MB.

Unloading 12 unused Assets to reduce memory usage. Loaded Objects now: 3476.
Total: 3.211200 ms (FindLiveObjects: 0.402500 ms CreateObjectMapping: 0.218900 ms MarkObjects: 2.567900 ms  DeleteObjects: 0.020400 ms)

AssetImportWorkerClient::OnTransportError - code=2 error=End of file
